Microsoft (R) Macro Assembler Version 6.11		    01/30/23 14:15:04
demo.asm						     Page 1 - 1


				;;; Professor Bailey
				;;; Spring 2023
				
				include cs240.inc
			      C .NOLIST
			      C .LIST
			      C 
					
 = 4C00				DOSEXIT = 4C00h
 = 0021				DOS = 21h
				
				.8086
				
 0000				.data
					
 0000 48 61 6D 69 6C 74		motto	BYTE	"Hamilton rocks the DOSBox!", 0
       6F 6E 20 72 6F 63
       6B 73 20 74 68 65
       20 44 4F 53 42 6F
       78 21 00
 001B 48 65 6C 6C 6F 21		hello	BYTE	"Hello!", 0
       00
 0022 01 02 03 04		garbage	BYTE	01, 02, 03, 04
				
 0000				.code
				
 0000				strlen PROC
					;; DX = offset of the subject string
					;; Returns: AX = the length of the string
				
 0000  9C				pushf
 0001  53				push	bx
 0002  56				push	si
					
				
 0003  BE 0000				mov	si, 0
 0006  8B DA				mov	bx, dx
 0008  B6 22				mov	dh, 34
				
 000A				top:	
 000A  8A 10				mov	dl, [bx + si]
 000C  83 FA 00				cmp	dx, 0
 000F  74 03				je	done
 0011  46				inc	si
 0012  EB F6				jmp	top
				
 0014				done:	
 0014  8B C6				mov	ax, si
					
 0016  5E				pop	si
 0017  5B				pop	bx
 0018  9D				popf
				
 0019  C3				ret
 001A				strlen ENDP
				
				;;; Entry point for the program
				
 001A				main PROC
 001A  B8 ---- R			mov	ax, @data	; Setup the data segment
 001D  8E D8				mov	ds, ax
				
					;; Start of DOS program...
				
 001F  BA 0000 R			mov	DX, OFFSET motto
 0022  E8 FFDB				call	strlen
 0025  E8 0000 E			call	DumpRegs
				
 0028  B8 4C00				mov	ax, DOSEXIT	; Signal DOS that we are done
 002B  CD 21				int	DOS
 002D				main ENDP
				END main
Microsoft (R) Macro Assembler Version 6.11		    01/30/23 14:15:04
demo.asm						     Symbols 2 - 1




Segments and Groups:

                N a m e                 Size     Length   Align   Combine Class

DGROUP . . . . . . . . . . . . .	GROUP
_DATA  . . . . . . . . . . . . .	16 Bit	 0026	  Word	  Public  'DATA'	
STACK  . . . . . . . . . . . . .	16 Bit	 0200	  Para	  Stack	  'STACK'	 
_TEXT  . . . . . . . . . . . . .	16 Bit	 002D	  Word	  Public  'CODE'	


Procedures,  parameters and locals:

                N a m e                 Type     Value    Attr

DumpLongRegs . . . . . . . . . .	P Near	 0000	  Length= 0000 External C
DumpMem  . . . . . . . . . . . .	P Near	 0000	  Length= 0000 External C
DumpRegs . . . . . . . . . . . .	P Near	 0000	  Length= 0000 External C
GetMseconds  . . . . . . . . . .	P Near	 0000	  Length= 0000 External C
NewLine  . . . . . . . . . . . .	P Near	 0000	  Length= 0000 External C
PrintVersion . . . . . . . . . .	P Near	 0000	  Length= 0000 External C
Random32 . . . . . . . . . . . .	P Near	 0000	  Length= 0000 External C
RandomRange  . . . . . . . . . .	P Near	 0000	  Length= 0000 External C
Randomize  . . . . . . . . . . .	P Near	 0000	  Length= 0000 External C
ReadChar . . . . . . . . . . . .	P Near	 0000	  Length= 0000 External C
ReadHexByte  . . . . . . . . . .	P Near	 0000	  Length= 0000 External C
ReadHexDigit . . . . . . . . . .	P Near	 0000	  Length= 0000 External C
ReadHexDoubleWord  . . . . . . .	P Near	 0000	  Length= 0000 External C
ReadHexWord  . . . . . . . . . .	P Near	 0000	  Length= 0000 External C
ReadInt  . . . . . . . . . . . .	P Near	 0000	  Length= 0000 External C
ReadLine . . . . . . . . . . . .	P Near	 0000	  Length= 0000 External C
ReadUInt . . . . . . . . . . . .	P Near	 0000	  Length= 0000 External C
SkipToEOL  . . . . . . . . . . .	P Near	 0000	  Length= 0000 External C
Version  . . . . . . . . . . . .	P Near	 0000	  Length= 0000 External C
WriteBit . . . . . . . . . . . .	P Near	 0000	  Length= 0000 External C
WriteCSString  . . . . . . . . .	P Near	 0000	  Length= 0000 External C
WriteChar  . . . . . . . . . . .	P Near	 0000	  Length= 0000 External C
WriteHexByte . . . . . . . . . .	P Near	 0000	  Length= 0000 External C
WriteHexDigit  . . . . . . . . .	P Near	 0000	  Length= 0000 External C
WriteHexDoubleWord . . . . . . .	P Near	 0000	  Length= 0000 External C
WriteHexWord . . . . . . . . . .	P Near	 0000	  Length= 0000 External C
WriteInt . . . . . . . . . . . .	P Near	 0000	  Length= 0000 External C
WriteString  . . . . . . . . . .	P Near	 0000	  Length= 0000 External C
WriteUInt  . . . . . . . . . . .	P Near	 0000	  Length= 0000 External C
main . . . . . . . . . . . . . .	P Near	 001A	  _TEXT	Length= 0013 Public C
strlen . . . . . . . . . . . . .	P Near	 0000	  _TEXT	Length= 001A Public C
  top  . . . . . . . . . . . . .	L Near	 000A	  _TEXT	
  done . . . . . . . . . . . . .	L Near	 0014	  _TEXT	


Symbols:

                N a m e                 Type     Value    Attr

@CodeSize  . . . . . . . . . . .	Number	 0000h	 
@DataSize  . . . . . . . . . . .	Number	 0000h	 
@Interface . . . . . . . . . . .	Number	 0001h	 
@Model . . . . . . . . . . . . .	Number	 0002h	 
@code  . . . . . . . . . . . . .	Text   	 _TEXT
@data  . . . . . . . . . . . . .	Text   	 DGROUP
@fardata?  . . . . . . . . . . .	Text   	 FAR_BSS
@fardata . . . . . . . . . . . .	Text   	 FAR_DATA
@stack . . . . . . . . . . . . .	Text   	 DGROUP
DOSEXIT  . . . . . . . . . . . .	Number	 4C00h	 
DOS  . . . . . . . . . . . . . .	Number	 0021h	 
garbage  . . . . . . . . . . . .	Byte	 0022	  _DATA	
hello  . . . . . . . . . . . . .	Byte	 001B	  _DATA	
motto  . . . . . . . . . . . . .	Byte	 0000	  _DATA	

	   0 Warnings
	   0 Errors
